#
# There is insufficient memory for the Java Runtime Environment to continue.
# Native memory allocation (mmap) failed to map 130023424 bytes. Error detail: G1 virtual space
# Possible reasons:
#   The system is out of physical RAM or swap space
#   This process is running with CompressedOops enabled, and the Java Heap may be blocking the growth of the native heap
# Possible solutions:
#   Reduce memory load on the system
#   Increase physical memory or swap space
#   Check if swap backing store is full
#   Decrease Java heap size (-Xmx/-Xms)
#   Decrease number of Java threads
#   Decrease Java thread stack sizes (-Xss)
#   Set larger code cache with -XX:ReservedCodeCacheSize=
#   JVM is running with Unscaled Compressed Oops mode in which the Java heap is
#     placed in the first 4GB address space. The Java Heap base address is the
#     maximum limit for the native heap growth. Please use -XX:HeapBaseMinAddress
#     to set the Java Heap base and to place the Java Heap above 4GB virtual address.
# This output file may be truncated or incomplete.
#
#  Out of Memory Error (os_windows.cpp:3703), pid=88536, tid=92836
#
# JRE version:  (23.0.1+11) (build )
# Java VM: Java HotSpot(TM) 64-Bit Server VM (23.0.1+11-39, mixed mode, sharing, tiered, compressed oops, compressed class ptrs, g1 gc, windows-amd64)
# No core dump will be written. Minidumps are not enabled by default on client versions of Windows
#

---------------  S U M M A R Y ------------

Command Line: -Dfile.encoding=UTF-8 --module-path=C:\Users\PMLS\Documents\NetBeansProjects\FINAL MAHNOOR'S STORE\build\classes pkgfinal.mahnoor.s.store.SHOPAHOLICC

Host: 12th Gen Intel(R) Core(TM) i5-1235U, 12 cores, 7G,  Windows 10 , 64 bit Build 19041 (10.0.19041.5072)
Time: Wed Dec 25 10:42:18 2024 Pakistan Standard Time elapsed time: 0.011453 seconds (0d 0h 0m 0s)

---------------  T H R E A D  ---------------

Current thread (0x0000025124f2a6f0):  JavaThread "Unknown thread" [_thread_in_vm, id=92836, stack(0x000000e825500000,0x000000e825600000) (1024K)]

Stack: [0x000000e825500000,0x000000e825600000]
Native frames: (J=compiled Java code, j=interpreted, Vv=VM code, C=native code)
V  [jvm.dll+0x6e08b9]  (no source info available)
V  [jvm.dll+0x87dc83]  (no source info available)
V  [jvm.dll+0x88010e]  (no source info available)
V  [jvm.dll+0x8807e3]  (no source info available)
V  [jvm.dll+0x27aee6]  (no source info available)
V  [jvm.dll+0x6dd1c5]  (no source info available)
V  [jvm.dll+0x6d104a]  (no source info available)
V  [jvm.dll+0x35b3ea]  (no source info available)
V  [jvm.dll+0x3637f6]  (no source info available)
V  [jvm.dll+0x34fd5e]  (no source info available)
V  [jvm.dll+0x34fff8]  (no source info available)
V  [jvm.dll+0x3289cc]  (no source info available)
V  [jvm.dll+0x32966e]  (no source info available)
V  [jvm.dll+0x844355]  (no source info available)
V  [jvm.dll+0x3b9848]  (no source info available)
V  [jvm.dll+0x82d14c]  (no source info available)
V  [jvm.dll+0x454d4e]  (no source info available)
V  [jvm.dll+0x456bd1]  (no source info available)
C  [jli.dll+0x52a3]  (no source info available)
C  [ucrtbase.dll+0x21bb2]  (no source info available)
C  [KERNEL32.DLL+0x17374]  (no source info available)
C  [ntdll.dll+0x4cc91]  (no source info available)

Lock stack of current Java thread (top to bottom):


---------------  P R O C E S S  ---------------

Threads class SMR info:
_java_thread_list=0x00007ffae98b3618, length=0, elements={
}

Java Threads: ( => current thread )
Total: 0

Other Threads:
  0x0000025127313600 WorkerThread "GC Thread#0"                     [id=45112, stack(0x000000e825600000,0x000000e825700000) (1024K)]
  0x0000025127327bb0 ConcurrentGCThread "G1 Main Marker"            [id=82712, stack(0x000000e825700000,0x000000e825800000) (1024K)]
  0x00000251273286c0 WorkerThread "G1 Conc#0"                       [id=86796, stack(0x000000e825800000,0x000000e825900000) (1024K)]

[error occurred during error reporting (printing all threads), id 0xc0000005, EXCEPTION_ACCESS_VIOLATION (0xc0000005) at pc=0x00007ffae8ffbfba]
VM state: not at safepoint (not fully initialized)

VM Mutex/Monitor currently owned by a thread:  ([mutex/lock_event])
[0x00007ffae9933a10] Heap_lock - owner thread: 0x0000025124f2a6f0

Heap address: 0x0000000084400000, size: 1980 MB, Compressed Oops mode: 32-bit

CDS archive(s) mapped at: [0x0000000000000000-0x0000000000000000-0x0000000000000000), size 0, SharedBaseAddress: 0x0000000800000000, ArchiveRelocationMode: 1.
Narrow klass base: 0x0000000000000000, Narrow klass shift: 0, Narrow klass range: 0x0

GC Precious Log:
 CardTable entry size: 512
 Card Set container configuration: InlinePtr #cards 5 size 8 Array Of Cards #cards 10 size 36 Howl #buckets 4 coarsen threshold 1843 Howl Bitmap #cards 512 size 80 coarsen threshold 460 Card regions per heap region 1 cards per card region 2048

Heap:
 garbage-first heap   total reserved 2027520K, committed 0K, used 0K [0x0000000084400000, 0x0000000100000000)
  region size 1024K, 0 young (0K), 0 survivors (0K)

[error occurred during error reporting (printing heap information), id 0xc0000005, EXCEPTION_ACCESS_VIOLATION (0xc0000005) at pc=0x00007ffae93fc3c9]
GC Heap History (0 events):
No events

Dll operation events (1 events):
Event: 0.007 Loaded shared library C:\Program Files\Java\jdk-23\bin\java.dll

Deoptimization events (0 events):
No events

Classes loaded (0 events):
No events

Classes unloaded (0 events):
No events

Classes redefined (0 events):
No events

Internal exceptions (0 events):
No events

VM Operations (0 events):
No events

Memory protections (0 events):
No events

Nmethod flushes (0 events):
No events

Events (0 events):
No events


Dynamic libraries:
0x00007ff730ea0000 - 0x00007ff730eb0000 	C:\Program Files\Java\jdk-23\bin\java.exe
0x00007ffb96810000 - 0x00007ffb96a08000 	C:\Windows\SYSTEM32\ntdll.dll
0x00007ffb94c40000 - 0x00007ffb94d02000 	C:\Windows\System32\KERNEL32.DLL
0x00007ffb93fd0000 - 0x00007ffb942ce000 	C:\Windows\System32\KERNELBASE.dll
0x00007ffb943c0000 - 0x00007ffb944c0000 	C:\Windows\System32\ucrtbase.dll
0x00007ffb57790000 - 0x00007ffb577a7000 	C:\Program Files\Java\jdk-23\bin\jli.dll
0x00007ffb95600000 - 0x00007ffb9579d000 	C:\Windows\System32\USER32.dll
0x00007ffb94800000 - 0x00007ffb94822000 	C:\Windows\System32\win32u.dll
0x00007ffb962c0000 - 0x00007ffb962eb000 	C:\Windows\System32\GDI32.dll
0x00007ffb85a60000 - 0x00007ffb85a7b000 	C:\Program Files\Java\jdk-23\bin\VCRUNTIME140.dll
0x00007ffb93eb0000 - 0x00007ffb93fc7000 	C:\Windows\System32\gdi32full.dll
0x00007ffb946b0000 - 0x00007ffb9474d000 	C:\Windows\System32\msvcp_win.dll
0x00007ffb6d250000 - 0x00007ffb6d4ea000 	C:\Windows\WinSxS\amd64_microsoft.windows.common-controls_6595b64144ccf1df_6.0.19041.4355_none_60b8b9eb71f62e16\COMCTL32.dll
0x00007ffb94af0000 - 0x00007ffb94b8e000 	C:\Windows\System32\msvcrt.dll
0x00007ffb96590000 - 0x00007ffb965bf000 	C:\Windows\System32\IMM32.DLL
0x00007ffb8e130000 - 0x00007ffb8e13c000 	C:\Program Files\Java\jdk-23\bin\vcruntime140_1.dll
0x00007ffb507b0000 - 0x00007ffb5083e000 	C:\Program Files\Java\jdk-23\bin\msvcp140.dll
0x00007ffae8cc0000 - 0x00007ffae9a0f000 	C:\Program Files\Java\jdk-23\bin\server\jvm.dll
0x00007ffb94830000 - 0x00007ffb948e1000 	C:\Windows\System32\ADVAPI32.dll
0x00007ffb964f0000 - 0x00007ffb9658f000 	C:\Windows\System32\sechost.dll
0x00007ffb95f20000 - 0x00007ffb96043000 	C:\Windows\System32\RPCRT4.dll
0x00007ffb942d0000 - 0x00007ffb942f7000 	C:\Windows\System32\bcrypt.dll
0x00007ffb962f0000 - 0x00007ffb9635b000 	C:\Windows\System32\WS2_32.dll
0x00007ffb80600000 - 0x00007ffb8060a000 	C:\Windows\SYSTEM32\VERSION.dll
0x00007ffb93c60000 - 0x00007ffb93cab000 	C:\Windows\SYSTEM32\POWRPROF.dll
0x00007ffb886b0000 - 0x00007ffb886d7000 	C:\Windows\SYSTEM32\WINMM.dll
0x00007ffb93bd0000 - 0x00007ffb93be2000 	C:\Windows\SYSTEM32\UMPDC.dll
0x00007ffb926d0000 - 0x00007ffb926e2000 	C:\Windows\SYSTEM32\kernel.appcore.dll
0x00007ffb8dd50000 - 0x00007ffb8dd5a000 	C:\Program Files\Java\jdk-23\bin\jimage.dll
0x00007ffb91c40000 - 0x00007ffb91e24000 	C:\Windows\SYSTEM32\DBGHELP.DLL
0x00007ffb8e4e0000 - 0x00007ffb8e514000 	C:\Windows\SYSTEM32\dbgcore.DLL
0x00007ffb94620000 - 0x00007ffb946a2000 	C:\Windows\System32\bcryptPrimitives.dll
0x00007ffb7a7b0000 - 0x00007ffb7a7ce000 	C:\Program Files\Java\jdk-23\bin\java.dll
0x00007ffb949c0000 - 0x00007ffb94aeb000 	C:\Windows\System32\ole32.dll
0x00007ffb94d40000 - 0x00007ffb95093000 	C:\Windows\System32\combase.dll
0x00007ffb957a0000 - 0x00007ffb95f0d000 	C:\Windows\System32\SHELL32.dll

dbghelp: loaded successfully - version: 4.0.5 - missing functions: none
symbol engine: initialized successfully - sym options: 0x614 - pdb path: .;C:\Program Files\Java\jdk-23\bin;C:\Windows\SYSTEM32;C:\Windows\WinSxS\amd64_microsoft.windows.common-controls_6595b64144ccf1df_6.0.19041.4355_none_60b8b9eb71f62e16;C:\Program Files\Java\jdk-23\bin\server

VM Arguments:
jvm_args: -Dfile.encoding=UTF-8 --module-path=C:\Users\PMLS\Documents\NetBeansProjects\FINAL MAHNOOR'S STORE\build\classes 
java_command: pkgfinal.mahnoor.s.store.SHOPAHOLICC
java_class_path (initial): C:\Users\PMLS\Downloads\ojdbc17.jar.jar;C:\Users\PMLS\Documents\NetBeansProjects\FINAL MAHNOOR'S STORE\build\classes
Launcher Type: SUN_STANDARD

[Global flags]
     intx CICompilerCount                          = 4                                         {product} {ergonomic}
     uint ConcGCThreads                            = 3                                         {product} {ergonomic}
     uint G1ConcRefinementThreads                  = 10                                        {product} {ergonomic}
   size_t G1HeapRegionSize                         = 1048576                                   {product} {ergonomic}
   size_t InitialHeapSize                          = 130023424                                 {product} {ergonomic}
   size_t MarkStackSize                            = 4194304                                   {product} {ergonomic}
   size_t MarkStackSizeMax                         = 536870912                                 {product} {ergonomic}
   size_t MaxHeapSize                              = 2076180480                                {product} {ergonomic}
   size_t MinHeapDeltaBytes                        = 1048576                                   {product} {ergonomic}
   size_t MinHeapSize                              = 8388608                                   {product} {ergonomic}
    uintx NonNMethodCodeHeapSize                   = 5832704                                {pd product} {ergonomic}
    uintx NonProfiledCodeHeapSize                  = 122945536                              {pd product} {ergonomic}
    uintx ProfiledCodeHeapSize                     = 122880000                              {pd product} {ergonomic}
    uintx ReservedCodeCacheSize                    = 251658240                              {pd product} {ergonomic}
     bool SegmentedCodeCache                       = true                                      {product} {ergonomic}
   size_t SoftMaxHeapSize                          = 2076180480                             {manageable} {ergonomic}
     bool UseCompressedOops                        = true                           {product lp64_product} {ergonomic}
     bool UseG1GC                                  = true                                      {product} {ergonomic}
     bool UseLargePagesIndividualAllocation        = false                                  {pd product} {ergonomic}

Logging:
Log output configuration:
 #0: stdout all=warning uptime,level,tags foldmultilines=false
 #1: stderr all=off uptime,level,tags foldmultilines=false

Environment Variables:
PATH=C:\Program Files\Common Files\Oracle\Java\javapath;C:\app\PMYLS\product\21c\dbhomeXE\bin;C:\Users\PMLS\Downloads\WINDOWS.X64_193000_db_home\bin;C:\Program Files (x86)\VMware\VMware Workstation\bin\;C:\Windows\system32;C:\Windows;C:\Windows\System32\Wbem;C:\Windows\System32\WindowsPowerShell\v1.0\;C:\Windows\System32\OpenSSH\;C:\Users\PMLS\AppData\Local\Microsoft\WindowsApps;
USERNAME=PMYLS
OS=Windows_NT
PROCESSOR_IDENTIFIER=Intel64 Family 6 Model 154 Stepping 4, GenuineIntel
TMP=C:\Users\PMLS\AppData\Local\Temp
TEMP=C:\Users\PMLS\AppData\Local\Temp




Periodic native trim disabled

---------------  S Y S T E M  ---------------

OS:
 Windows 10 , 64 bit Build 19041 (10.0.19041.5072)
OS uptime: 9 days 23:49 hours

CPU: total 12 (initial active 12) (6 cores per cpu, 2 threads per core) family 6 model 154 stepping 4 microcode 0x424, cx8, cmov, fxsr, ht, mmx, 3dnowpref, sse, sse2, sse3, ssse3, sse4.1, sse4.2, popcnt, lzcnt, tsc, tscinvbit, avx, avx2, aes, erms, clmul, bmi1, bmi2, adx, sha, fma, vzeroupper, clflush, clflushopt, clwb, serialize, rdtscp, rdpid, fsrm, gfni, f16c, pku, cet_ibt, cet_ss
Processor Information for processor 0
  Max Mhz: 1300, Current Mhz: 1300, Mhz Limit: 1300
Processor Information for processor 1
  Max Mhz: 1300, Current Mhz: 1300, Mhz Limit: 1300
Processor Information for processor 2
  Max Mhz: 1300, Current Mhz: 1300, Mhz Limit: 1300
Processor Information for processor 3
  Max Mhz: 1300, Current Mhz: 1300, Mhz Limit: 1300
Processor Information for processor 4
  Max Mhz: 900, Current Mhz: 900, Mhz Limit: 900
Processor Information for processor 5
  Max Mhz: 900, Current Mhz: 900, Mhz Limit: 900
Processor Information for processor 6
  Max Mhz: 900, Current Mhz: 900, Mhz Limit: 900
Processor Information for processor 7
  Max Mhz: 900, Current Mhz: 900, Mhz Limit: 900
Processor Information for processor 8
  Max Mhz: 900, Current Mhz: 900, Mhz Limit: 900
Processor Information for processor 9
  Max Mhz: 900, Current Mhz: 900, Mhz Limit: 900
Processor Information for processor 10
  Max Mhz: 900, Current Mhz: 900, Mhz Limit: 900
Processor Information for processor 11
  Max Mhz: 900, Current Mhz: 900, Mhz Limit: 900

Memory: 4k page, system-wide physical 7916M (522M free)
TotalPageFile size 32492M (AvailPageFile size 27M)
current process WorkingSet (physical memory assigned to process): 11M, peak: 11M
current process commit charge ("private bytes"): 64M, peak: 188M

vm_info: Java HotSpot(TM) 64-Bit Server VM (23.0.1+11-39) for windows-amd64 JRE (23.0.1+11-39), built on 2024-09-30T07:20:43Z with MS VC++ 17.6 (VS2022)

END.
